Build started 21/01/2015 8:41:16 PM.
     1>Project "D:\NP Modules\2014 Semester 2\DSA\DSAssignment\DSA Assignment AY 1415\DSA Assignment AY 1415\DSA Assignment AY 1415.vcxproj" on node 2 (Build target(s)).
     1>Link:
         C:\Program Files (x86)\Microsoft Visual Studio 12.0\VC\bin\link.exe /ERRORREPORT:PROMPT /OUT:"D:\NP Modules\2014 Semester 2\DSA\DSAssignment\DSA Assignment AY 1415\Debug\DSA Assignment AY 1415.exe" /INCREMENTAL /NOLOGO kernel32.lib user32.lib gdi32.lib winspool.lib comdlg32.lib advapi32.lib shell32.lib ole32.lib oleaut32.lib uuid.lib odbc32.lib odbccp32.lib /MANIFEST /MANIFESTUAC:"level='asInvoker' uiAccess='false'" /manifest:embed /DEBUG /PDB:"D:\NP Modules\2014 Semester 2\DSA\DSAssignment\DSA Assignment AY 1415\Debug\DSA Assignment AY 1415.pdb" /SUBSYSTEM:CONSOLE /TLBID:1 /DYNAMICBASE /NXCOMPAT /IMPLIB:"D:\NP Modules\2014 Semester 2\DSA\DSAssignment\DSA Assignment AY 1415\Debug\DSA Assignment AY 1415.lib" /MACHINE:X86 Debug\Main.obj
         Debug\Song.obj
         Debug\SortedArrayList.obj
         Debug\Lyrics.obj
         Debug\UnsortedArrayList.obj
         Debug\UnsortedPointerList.obj
         Debug\Word.obj
     1>LINK : fatal error LNK1168: cannot open D:\NP Modules\2014 Semester 2\DSA\DSAssignment\DSA Assignment AY 1415\Debug\DSA Assignment AY 1415.exe for writing
     1>Done Building Project "D:\NP Modules\2014 Semester 2\DSA\DSAssignment\DSA Assignment AY 1415\DSA Assignment AY 1415\DSA Assignment AY 1415.vcxproj" (Build target(s)) -- FAILED.

Build FAILED.

Time Elapsed 00:00:00.29
